Arguments: 
  /Users/bytedance/.nvm/versions/node/v12.22.8/bin/node /Users/bytedance/.nvm/versions/node/v12.22.8/bin/yarn add Muser

PATH: 
  /Users/bytedance/.nvm/versions/node/v12.22.8/bin:/usr/local/bin:/usr/bin:/bin:/usr/sbin:/sbin:/opt/puppetlabs/bin:/Users/bytedance/.nvm/versions/node/v12.22.8/bin

Yarn version: 
  1.22.17

Node version: 
  12.22.8

Platform: 
  darwin x64

Trace: 
  Error: https://registry.npmjs.org/Muser: Not found
      at Request.params.callback [as _callback] (/Users/bytedance/.nvm/versions/node/v12.22.8/lib/node_modules/yarn/lib/cli.js:67029:18)
      at Request.self.callback (/Users/bytedance/.nvm/versions/node/v12.22.8/lib/node_modules/yarn/lib/cli.js:140883:22)
      at Request.emit (events.js:314:20)
      at Request.<anonymous> (/Users/bytedance/.nvm/versions/node/v12.22.8/lib/node_modules/yarn/lib/cli.js:141855:10)
      at Request.emit (events.js:314:20)
      at IncomingMessage.<anonymous> (/Users/bytedance/.nvm/versions/node/v12.22.8/lib/node_modules/yarn/lib/cli.js:141777:12)
      at Object.onceWrapper (events.js:420:28)
      at IncomingMessage.emit (events.js:326:22)
      at endReadableNT (_stream_readable.js:1241:12)
      at processTicksAndRejections (internal/process/task_queues.js:84:21)

npm manifest: 
  {
    "name": "muser-table",
    "version": "0.0.1",
    "description": "",
    "main": "index.js",
    "scripts": {
      "test": "echo \"Error: no test specified\" && exit 1"
    },
    "author": "",
    "license": "ISC"
  }

yarn manifest: 
  No manifest

Lockfile: 
  No lockfile
